#
# There is insufficient memory for the Java Runtime Environment to continue.
# Native memory allocation (malloc) failed to allocate 1048576 bytes for AllocateHeap
# Possible reasons:
#   The system is out of physical RAM or swap space
#   The process is running with CompressedOops enabled, and the Java Heap may be blocking the growth of the native heap
# Possible solutions:
#   Reduce memory load on the system
#   Increase physical memory or swap space
#   Check if swap backing store is full
#   Decrease Java heap size (-Xmx/-Xms)
#   Decrease number of Java threads
#   Decrease Java thread stack sizes (-Xss)
#   Set larger code cache with -XX:ReservedCodeCacheSize=
#   JVM is running with Unscaled Compressed Oops mode in which the Java heap is
#     placed in the first 4GB address space. The Java Heap base address is the
#     maximum limit for the native heap growth. Please use -XX:HeapBaseMinAddress
#     to set the Java Heap base and to place the Java Heap above 4GB virtual address.
# This output file may be truncated or incomplete.
#
#  Out of Memory Error (memory/allocation.inline.hpp:61), pid=5792, tid=0x0000000000005abc
#
# JRE version:  (8.0_202-b03) (build )
# Java VM: OpenJDK 64-Bit Server VM (25.202-b03 mixed mode windows-amd64 compressed oops)
# Failed to write core dump. Minidumps are not enabled by default on client versions of Windows
#

---------------  T H R E A D  ---------------

Current thread (0x00000000029c3800):  JavaThread "Unknown thread" [_thread_in_vm, id=23228, stack(0x0000000002830000,0x0000000002930000)]

Stack: [0x0000000002830000,0x0000000002930000]
[error occurred during error reporting (printing stack bounds), id 0xc0000005]

Native frames: (J=compiled Java code, j=interpreted, Vv=VM code, C=native code)


---------------  P R O C E S S  ---------------

Java Threads: ( => current thread )

Other Threads:

=>0x00000000029c3800 (exited) JavaThread "Unknown thread" [_thread_in_vm, id=23228, stack(0x0000000002830000,0x0000000002930000)]

VM state:not at safepoint (normal execution)

VM Mutex/Monitor currently owned by a thread: None

heap address: 0x0000000081c00000, size: 2020 MB, Compressed Oops mode: 32-bit
Narrow klass base: 0x0000000000000000, Narrow klass shift: 3
Compressed class space size: 1073741824 Address: 0x0000000100000000

Heap:
 PSYoungGen      total 38400K, used 665K [0x00000000d5f00000, 0x00000000d8980000, 0x0000000100000000)
  eden space 33280K, 2% used [0x00000000d5f00000,0x00000000d5fa6670,0x00000000d7f80000)
  from space 5120K, 0% used [0x00000000d8480000,0x00000000d8480000,0x00000000d8980000)
  to   space 5120K, 0% used [0x00000000d7f80000,0x00000000d7f80000,0x00000000d8480000)
 ParOldGen       total 87552K, used 0K [0x0000000081c00000, 0x0000000087180000, 0x00000000d5f00000)
  object space 87552K, 0% used [0x0000000081c00000,0x0000000081c00000,0x0000000087180000)
 Metaspace       used 778K, capacity 4480K, committed 4480K, reserved 1056768K
  class space    used 74K, capacity 384K, committed 384K, reserved 1048576K

Card table byte_map: [0x0000000011e80000,0x0000000012280000] byte_map_base: 0x0000000011a72000

Marking Bits: (ParMarkBitMap*) 0x000000005bf99f30
 Begin Bits: [0x0000000012d30000, 0x0000000014cc0000)
 End Bits:   [0x0000000014cc0000, 0x0000000016c50000)

Polling page: 0x0000000000fd0000

CodeCache: size=245760Kb used=328Kb max_used=328Kb free=245431Kb
 bounds [0x0000000002ac0000, 0x0000000002d30000, 0x0000000011ac0000]
 total_blobs=57 nmethods=0 adapters=38
 compilation: enabled

Compilation events (0 events):
No events

GC Heap History (0 events):
No events

Deoptimization events (0 events):
No events

Classes redefined (0 events):
No events

Internal exceptions (0 events):
No events

Events (10 events):
Event: 0.230 loading class java/lang/Short
Event: 0.231 loading class java/lang/Short done
Event: 0.231 loading class java/lang/Integer
Event: 0.231 loading class java/lang/Integer done
Event: 0.231 loading class java/lang/Long
Event: 0.231 loading class java/lang/Long done
Event: 0.232 loading class java/lang/NullPointerException
Event: 0.232 loading class java/lang/NullPointerException done
Event: 0.232 loading class java/lang/ArithmeticException
Event: 0.232 loading class java/lang/ArithmeticException done


Dynamic libraries:
0x00007ff655c20000 - 0x00007ff655c51000 	C:\Program Files\Android\Android Studio\jre\bin\java.EXE
0x00007ffe37860000 - 0x00007ffe37a50000 	C:\WINDOWS\SYSTEM32\ntdll.dll
0x00007ffe35c90000 - 0x00007ffe35d42000 	C:\WINDOWS\System32\KERNEL32.DLL
0x00007ffe355b0000 - 0x00007ffe35854000 	C:\WINDOWS\System32\KERNELBASE.dll
0x00007ffe36e30000 - 0x00007ffe36ed3000 	C:\WINDOWS\System32\ADVAPI32.dll
0x00007ffe36ee0000 - 0x00007ffe36f7e000 	C:\WINDOWS\System32\msvcrt.dll
0x00007ffe36580000 - 0x00007ffe36617000 	C:\WINDOWS\System32\sechost.dll
0x00007ffe36830000 - 0x00007ffe36950000 	C:\WINDOWS\System32\RPCRT4.dll
0x00007ffe36620000 - 0x00007ffe367b5000 	C:\WINDOWS\System32\USER32.dll
0x00007ffe34840000 - 0x00007ffe34861000 	C:\WINDOWS\System32\win32u.dll
0x00007ffe371e0000 - 0x00007ffe37206000 	C:\WINDOWS\System32\GDI32.dll
0x00007ffe34a10000 - 0x00007ffe34ba6000 	C:\WINDOWS\System32\gdi32full.dll
0x00007ffe35510000 - 0x00007ffe355ae000 	C:\WINDOWS\System32\msvcp_win.dll
0x00007ffe34c80000 - 0x00007ffe34d7a000 	C:\WINDOWS\System32\ucrtbase.dll
0x00007ffe33bb0000 - 0x00007ffe33e34000 	C:\WINDOWS\WinSxS\amd64_microsoft.windows.common-controls_6595b64144ccf1df_6.0.18362.1016_none_9e7a36bbe461dae4\COMCTL32.dll
0x00007ffe37290000 - 0x00007ffe375c5000 	C:\WINDOWS\System32\combase.dll
0x00007ffe35890000 - 0x00007ffe35910000 	C:\WINDOWS\System32\bcryptPrimitives.dll
0x00007ffe371b0000 - 0x00007ffe371de000 	C:\WINDOWS\System32\IMM32.DLL
0x000000005c020000 - 0x000000005c0f2000 	C:\Program Files\Android\Android Studio\jre\jre\bin\msvcr100.dll
0x000000005b7d0000 - 0x000000005c016000 	C:\Program Files\Android\Android Studio\jre\jre\bin\server\jvm.dll
0x00007ffe36820000 - 0x00007ffe36828000 	C:\WINDOWS\System32\PSAPI.DLL
0x00007ffe1cb50000 - 0x00007ffe1cb59000 	C:\WINDOWS\SYSTEM32\WSOCK32.dll
0x00007ffe36dc0000 - 0x00007ffe36e2f000 	C:\WINDOWS\System32\WS2_32.dll
0x00007ffe31ce0000 - 0x00007ffe31d04000 	C:\WINDOWS\SYSTEM32\WINMM.dll
0x00007ffe31b50000 - 0x00007ffe31b7d000 	C:\WINDOWS\SYSTEM32\winmmbase.dll
0x00007ffe34870000 - 0x00007ffe348ba000 	C:\WINDOWS\System32\cfgmgr32.dll
0x00007ffe2d680000 - 0x00007ffe2d68a000 	C:\WINDOWS\SYSTEM32\VERSION.dll
0x00007ffe2bef0000 - 0x00007ffe2beff000 	C:\Program Files\Android\Android Studio\jre\jre\bin\verify.dll
0x00007ffe084d0000 - 0x00007ffe084f9000 	C:\Program Files\Android\Android Studio\jre\jre\bin\java.dll
0x00007ffe09420000 - 0x00007ffe09436000 	C:\Program Files\Android\Android Studio\jre\jre\bin\zip.dll

VM Arguments:
java_command: <unknown>
java_class_path (initial): .;
Launcher Type: SUN_STANDARD

Environment Variables:
JAVA_HOME=C:\Program Files\Java\jdk1.8.0_231
CLASSPATH=.;
USERNAME=drpbengrir
OS=Windows_NT
PROCESSOR_IDENTIFIER=Intel64 Family 6 Model 142 Stepping 10, GenuineIntel



---------------  S Y S T E M  ---------------

OS: Windows 10.0 , 64 bit Build 18362 (10.0.18362.959)

CPU:total 8 (initial active 8) (4 cores per cpu, 2 threads per core) family 6 model 142 stepping 10, cmov, cx8, fxsr, mmx, sse, sse2, sse3, ssse3, sse4.1, sse4.2, popcnt, avx, avx2, aes, clmul, erms, rtm, 3dnowpref, lzcnt, ht, tsc, tscinvbit, bmi1, bmi2, adx

Memory: 4k page, physical 8266580k(282304k free), swap 33432404k(6112k free)

vm_info: OpenJDK 64-Bit Server VM (25.202-b03) for windows-amd64 JRE (1.8.0_202-release-1483-b03), built by "builder" with MS VC++ 10.0 (VS2010)

time: Mon Aug 24 18:47:49 2020
timezone: Morocco Daylight Time
elapsed time: 0 seconds (0d 0h 0m 0s)

